-----TI-REX started at Sun Apr 14 2024 13:03:56 GMT+0800 (中国标准时间)
Sun, 14 Apr 2024 05:03:58 GMT connect deprecated methodOverride: use method-override npm module instead at app.js:631:21
55.0",
        "family": "IPv4",
        "mac": "0a:00:27:00:00:14",
        "internal": false
    }
]
2024-04-14T05:03:56.735Z INFO DAEMON dinfra - [
    "multiple candidate address ignored",
    "ZeroTier One [af78bf94367fc8bd]",
    {
        "address": "192.168.56.1",
        "netmask": "255.255.255.0",
        "family": "IPv4",
        "mac": "0a:00:27:00:00:14",
        "internal": false
    }
]
2024-04-14T05:03:56.735Z INFO DAEMON dinfra - [
    "multiple candidate address ignored",
    "WLAN",
    {
        "address": "192.168.56.1",
        "netmask": "255.255.255.0",
        "family": "IPv4",
        "mac": "0a:00:27:00:00:14",
        "internal": false
    }
]
2024-04-14T05:03:56.735Z INFO DAEMON dinfra - [
    "multiple candidate address ignored",
    "vEthernet (Default Switch)",
    {
        "address": "192.168.56.1",
        "netmask": "255.255.255.0",
        "family": "IPv4",
        "mac": "0a:00:27:00:00:14",
        "internal": false
    }
]
-----TI-REX started at Sun Apr 14 2024 13:03:56 GMT+0800 (中国标准时间)
TIREX server listening on port 55432
About to exit with code:  0
